<?xml version="1.0" encoding="UTF-8"?>
<!-- Generated by org.testng.reporters.JUnitReportReporter -->
<testsuite skipped="0" hostname="LAPTOP-G6RP46LV" name="APItest" tests="1" failures="0" timestamp="13 Mar 2019 10:52:38 GMT" time="0.281" errors="0">
  <testcase name="testAPIAttributes" time="0.281" classname="APItest"/>
</testsuite> <!-- APItest -->
